c:\users\shijonn\desktop\loplip\innovation\二维码\source\zbar_library\zbarwin64-new\zbar64-new\debug\zbar64-new.pch
c:\users\shijonn\desktop\loplip\innovation\二维码\source\zbar_library\zbarwin64-new\zbar64-new\debug\vc142.pdb
c:\users\shijonn\desktop\loplip\innovation\二维码\source\zbar_library\zbarwin64-new\zbar64-new\debug\vc142.idb
c:\users\shijonn\desktop\loplip\innovation\二维码\source\zbar_library\zbarwin64-new\zbar64-new\debug\pch.obj
c:\users\shijonn\desktop\loplip\innovation\二维码\source\zbar_library\zbarwin64-new\zbar64-new\debug\dllmain.obj
c:\users\shijonn\desktop\loplip\innovation\二维码\source\qr-code-analysis-qt\zbar64-library\zbar64\debug\zbar64-new.pch
c:\users\shijonn\desktop\loplip\innovation\二维码\source\qr-code-analysis-qt\zbar64-library\zbar64\debug\vc142.pdb
c:\users\shijonn\desktop\loplip\innovation\二维码\source\qr-code-analysis-qt\zbar64-library\zbar64\debug\vc142.idb
c:\users\shijonn\desktop\loplip\innovation\二维码\source\qr-code-analysis-qt\zbar64-library\zbar64\debug\pch.obj
c:\users\shijonn\desktop\loplip\innovation\二维码\source\qr-code-analysis-qt\zbar64-library\zbar64\debug\dllmain.obj
c:\users\shijonn\desktop\loplip\innovation\二维码\source\zbar_library\zbarwin64-new\zbar64-new\debug\zbar64-new.ilk
c:\users\shijonn\desktop\loplip\innovation\二维码\source\zbar_library\zbarwin64-new\zbar64-new\debug\zbar64-new.dll
c:\users\shijonn\desktop\loplip\innovation\二维码\source\zbar_library\zbarwin64-new\zbar64-new\debug\zbar64-new.pdb
c:\users\shijonn\desktop\loplip\innovation\二维码\source\qr-code-analysis-qt\zbar64-library\zbar64\debug\zbar64-new.ilk
c:\users\shijonn\desktop\loplip\innovation\二维码\source\qr-code-analysis-qt\zbar64-library\zbar64\debug\zbar64-new.dll
c:\users\shijonn\desktop\loplip\innovation\二维码\source\qr-code-analysis-qt\zbar64-library\zbar64\debug\zbar64-new.pdb
c:\users\shijonn\desktop\loplip\innovation\二维码\source\qr-code-analysis-qt\zbar64-library\zbar64\debug\zbar64-new.tlog\cl.command.1.tlog
c:\users\shijonn\desktop\loplip\innovation\二维码\source\qr-code-analysis-qt\zbar64-library\zbar64\debug\zbar64-new.tlog\cl.read.1.tlog
c:\users\shijonn\desktop\loplip\innovation\二维码\source\qr-code-analysis-qt\zbar64-library\zbar64\debug\zbar64-new.tlog\cl.write.1.tlog
c:\users\shijonn\desktop\loplip\innovation\二维码\source\qr-code-analysis-qt\zbar64-library\zbar64\debug\zbar64-new.tlog\link.command.1.tlog
c:\users\shijonn\desktop\loplip\innovation\二维码\source\qr-code-analysis-qt\zbar64-library\zbar64\debug\zbar64-new.tlog\link.read.1.tlog
c:\users\shijonn\desktop\loplip\innovation\二维码\source\qr-code-analysis-qt\zbar64-library\zbar64\debug\zbar64-new.tlog\link.write.1.tlog
